# JRE version: OpenJDK Runtime Environment Temurin-21.0.9+10 (21.0.9+10) (build 21.0.9+10-LTS)
# Java VM: OpenJDK 64-Bit Server VM Temurin-21.0.9+10 (21.0.9+10-LTS, mixed mode, sharing, tiered, compressed oops, compressed class ptrs, parallel gc, windows-amd64)
GC Precious Log:
 CardTable entry size: 512
 CPUs: 8 total, 8 available
 Memory: 7859M
 Large Page Support: Disabled
 NUMA Support: Disabled
 Compressed Oops: Enabled (32-bit)
 Alignments: Space 512K, Generation 512K, Heap 2M
 Heap Min Capacity: 100M
 Heap Initial Capacity: 100M
 Heap Max Capacity: 2G
 Pre-touch: Disabled
 Parallel Workers: 8
Heap:
 PSYoungGen      total 6656K, used 4295K [0x00000000d5580000, 0x00000000d5e80000, 0x0000000100000000)
  eden space 6144K, 65% used [0x00000000d5580000,0x00000000d5969ef8,0x00000000d5b80000)
  from space 512K, 56% used [0x00000000d5d80000,0x00000000d5dc8000,0x00000000d5e00000)
  to   space 512K, 0% used [0x00000000d5e00000,0x00000000d5e00000,0x00000000d5e80000)
 ParOldGen       total 198144K, used 197949K [0x0000000080000000, 0x000000008c180000, 0x00000000d5580000)
  object space 198144K, 99% used [0x0000000080000000,0x000000008c14f6e8,0x000000008c180000)
 Metaspace       used 76378K, committed 78016K, reserved 1179648K
  class space    used 8208K, committed 8896K, reserved 1048576K
GC Heap History (20 events):
Event: 123.106 GC heap before
{Heap before GC invocations=165 (full 3):
 PSYoungGen      total 7168K, used 6816K [0x00000000d5580000, 0x00000000d6080000, 0x0000000100000000)
  eden space 6144K, 100% used [0x00000000d5580000,0x00000000d5b80000,0x00000000d5b80000)
  from space 1024K, 65% used [0x00000000d5b80000,0x00000000d5c28000,0x00000000d5c80000)
  to   space 2048K, 0% used [0x00000000d5e80000,0x00000000d5e80000,0x00000000d6080000)
 ParOldGen       total 195072K, used 194791K [0x0000000080000000, 0x000000008be80000, 0x00000000d5580000)
  object space 195072K, 99% used [0x0000000080000000,0x000000008be39c60,0x000000008be80000)
 Metaspace       used 72391K, committed 73984K, reserved 1179648K
  class space    used 7695K, committed 8384K, reserved 1048576K
}
Event: 123.109 GC heap after
{Heap after GC invocations=165 (full 3):
 PSYoungGen      total 7168K, used 960K [0x00000000d5580000, 0x00000000d5f80000, 0x0000000100000000)
  eden space 6144K, 0% used [0x00000000d5580000,0x00000000d5580000,0x00000000d5b80000)
  from space 1024K, 93% used [0x00000000d5e80000,0x00000000d5f70000,0x00000000d5f80000)
  to   space 1536K, 0% used [0x00000000d5c80000,0x00000000d5c80000,0x00000000d5e00000)
 ParOldGen       total 195584K, used 195367K [0x0000000080000000, 0x000000008bf00000, 0x00000000d5580000)
  object space 195584K, 99% used [0x0000000080000000,0x000000008bec9c60,0x000000008bf00000)
 Metaspace       used 72391K, committed 73984K, reserved 1179648K
  class space    used 7695K, committed 8384K, reserved 1048576K
}
Event: 123.320 GC heap before
{Heap before GC invocations=166 (full 3):
 PSYoungGen      total 7168K, used 7098K [0x00000000d5580000, 0x00000000d5f80000, 0x0000000100000000)
  eden space 6144K, 99% used [0x00000000d5580000,0x00000000d5b7ebb0,0x00000000d5b80000)
  from space 1024K, 93% used [0x00000000d5e80000,0x00000000d5f70000,0x00000000d5f80000)
  to   space 1536K, 0% used [0x00000000d5c80000,0x00000000d5c80000,0x00000000d5e00000)
 ParOldGen       total 195584K, used 195367K [0x0000000080000000, 0x000000008bf00000, 0x00000000d5580000)
  object space 195584K, 99% used [0x0000000080000000,0x000000008bec9c60,0x000000008bf00000)
 Metaspace       used 72429K, committed 74048K, reserved 1179648K
  class space    used 7697K, committed 8384K, reserved 1048576K
}
Event: 123.323 GC heap after
{Heap after GC invocations=166 (full 3):
 PSYoungGen      total 7680K, used 480K [0x00000000d5580000, 0x00000000d5f00000, 0x0000000100000000)
  eden space 6144K, 0% used [0x00000000d5580000,0x00000000d5580000,0x00000000d5b80000)
  from space 1536K, 31% used [0x00000000d5c80000,0x00000000d5cf8000,0x00000000d5e00000)
  to   space 1024K, 0% used [0x00000000d5e00000,0x00000000d5e00000,0x00000000d5f00000)
 ParOldGen       total 196096K, used 195831K [0x0000000080000000, 0x000000008bf80000, 0x00000000d5580000)
  object space 196096K, 99% used [0x0000000080000000,0x000000008bf3dc60,0x000000008bf80000)
 Metaspace       used 72429K, committed 74048K, reserved 1179648K
  class space    used 7697K, committed 8384K, reserved 1048576K
}
Event: 123.707 GC heap before
{Heap before GC invocations=167 (full 3):
 PSYoungGen      total 7680K, used 6624K [0x00000000d5580000, 0x00000000d5f00000, 0x0000000100000000)
  eden space 6144K, 100% used [0x00000000d5580000,0x00000000d5b80000,0x00000000d5b80000)
  from space 1536K, 31% used [0x00000000d5c80000,0x00000000d5cf8000,0x00000000d5e00000)
  to   space 1024K, 0% used [0x00000000d5e00000,0x00000000d5e00000,0x00000000d5f00000)
 ParOldGen       total 196096K, used 195831K [0x0000000080000000, 0x000000008bf80000, 0x00000000d5580000)
  object space 196096K, 99% used [0x0000000080000000,0x000000008bf3dc60,0x000000008bf80000)
 Metaspace       used 72929K, committed 74560K, reserved 1179648K
  class space    used 7753K, committed 8448K, reserved 1048576K
}
Event: 123.709 GC heap after
{Heap after GC invocations=167 (full 3):
 PSYoungGen      total 7168K, used 549K [0x00000000d5580000, 0x00000000d5f00000, 0x0000000100000000)
  eden space 6144K, 0% used [0x00000000d5580000,0x00000000d5580000,0x00000000d5b80000)
  from space 1024K, 53% used [0x00000000d5e00000,0x00000000d5e89420,0x00000000d5f00000)
  to   space 1024K, 0% used [0x00000000d5d00000,0x00000000d5d00000,0x00000000d5e00000)
 ParOldGen       total 196608K, used 196183K [0x0000000080000000, 0x000000008c000000, 0x00000000d5580000)
  object space 196608K, 99% used [0x0000000080000000,0x000000008bf95c60,0x000000008c000000)
 Metaspace       used 72929K, committed 74560K, reserved 1179648K
  class space    used 7753K, committed 8448K, reserved 1048576K
}
Event: 123.905 GC heap before
{Heap before GC invocations=168 (full 3):
 PSYoungGen      total 7168K, used 6693K [0x00000000d5580000, 0x00000000d5f00000, 0x0000000100000000)
  eden space 6144K, 100% used [0x00000000d5580000,0x00000000d5b80000,0x00000000d5b80000)
  from space 1024K, 53% used [0x00000000d5e00000,0x00000000d5e89420,0x00000000d5f00000)
  to   space 1024K, 0% used [0x00000000d5d00000,0x00000000d5d00000,0x00000000d5e00000)
 ParOldGen       total 196608K, used 196183K [0x0000000080000000, 0x000000008c000000, 0x00000000d5580000)
  object space 196608K, 99% used [0x0000000080000000,0x000000008bf95c60,0x000000008c000000)
 Metaspace       used 73280K, committed 74816K, reserved 1179648K
  class space    used 7786K, committed 8448K, reserved 1048576K
}
Event: 123.907 GC heap after
{Heap after GC invocations=168 (full 3):
 PSYoungGen      total 7168K, used 432K [0x00000000d5580000, 0x00000000d5e80000, 0x0000000100000000)
  eden space 6144K, 0% used [0x00000000d5580000,0x00000000d5580000,0x00000000d5b80000)
  from space 1024K, 42% used [0x00000000d5d00000,0x00000000d5d6c010,0x00000000d5e00000)
  to   space 512K, 0% used [0x00000000d5e00000,0x00000000d5e00000,0x00000000d5e80000)
 ParOldGen       total 196608K, used 196535K [0x0000000080000000, 0x000000008c000000, 0x00000000d5580000)
  object space 196608K, 99% used [0x0000000080000000,0x000000008bfedc50,0x000000008c000000)
 Metaspace       used 73280K, committed 74816K, reserved 1179648K
  class space    used 7786K, committed 8448K, reserved 1048576K
}
Event: 123.936 GC heap before
{Heap before GC invocations=169 (full 3):
 PSYoungGen      total 7168K, used 6576K [0x00000000d5580000, 0x00000000d5e80000, 0x0000000100000000)
  eden space 6144K, 100% used [0x00000000d5580000,0x00000000d5b80000,0x00000000d5b80000)
  from space 1024K, 42% used [0x00000000d5d00000,0x00000000d5d6c010,0x00000000d5e00000)
  to   space 512K, 0% used [0x00000000d5e00000,0x00000000d5e00000,0x00000000d5e80000)
 ParOldGen       total 196608K, used 196535K [0x0000000080000000, 0x000000008c000000, 0x00000000d5580000)
  object space 196608K, 99% used [0x0000000080000000,0x000000008bfedc50,0x000000008c000000)
 Metaspace       used 73289K, committed 74816K, reserved 1179648K
  class space    used 7786K, committed 8448K, reserved 1048576K
}
Event: 123.937 GC heap after
{Heap after GC invocations=169 (full 3):
 PSYoungGen      total 6656K, used 224K [0x00000000d5580000, 0x00000000d5e80000, 0x0000000100000000)
  eden space 6144K, 0% used [0x00000000d5580000,0x00000000d5580000,0x00000000d5b80000)
  from space 512K, 43% used [0x00000000d5e00000,0x00000000d5e38000,0x00000000d5e80000)
  to   space 512K, 0% used [0x00000000d5d80000,0x00000000d5d80000,0x00000000d5e00000)
 ParOldGen       total 197120K, used 196803K [0x0000000080000000, 0x000000008c080000, 0x00000000d5580000)
  object space 197120K, 99% used [0x0000000080000000,0x000000008c030c70,0x000000008c080000)
 Metaspace       used 73289K, committed 74816K, reserved 1179648K
  class space    used 7786K, committed 8448K, reserved 1048576K
}
Event: 124.432 GC heap before
{Heap before GC invocations=170 (full 3):
 PSYoungGen      total 6656K, used 6368K [0x00000000d5580000, 0x00000000d5e80000, 0x0000000100000000)
  eden space 6144K, 100% used [0x00000000d5580000,0x00000000d5b80000,0x00000000d5b80000)
  from space 512K, 43% used [0x00000000d5e00000,0x00000000d5e38000,0x00000000d5e80000)
  to   space 512K, 0% used [0x00000000d5d80000,0x00000000d5d80000,0x00000000d5e00000)
 ParOldGen       total 197120K, used 196803K [0x0000000080000000, 0x000000008c080000, 0x00000000d5580000)
  object space 197120K, 99% used [0x0000000080000000,0x000000008c030c70,0x000000008c080000)
 Metaspace       used 73312K, committed 74880K, reserved 1179648K
  class space    used 7786K, committed 8448K, reserved 1048576K
}
Event: 124.435 GC heap after
{Heap after GC invocations=170 (full 3):
 PSYoungGen      total 6656K, used 239K [0x00000000d5580000, 0x00000000d5e80000, 0x0000000100000000)
  eden space 6144K, 0% used [0x00000000d5580000,0x00000000d5580000,0x00000000d5b80000)
  from space 512K, 46% used [0x00000000d5d80000,0x00000000d5dbbe30,0x00000000d5e00000)
  to   space 512K, 0% used [0x00000000d5e00000,0x00000000d5e00000,0x00000000d5e80000)
 ParOldGen       total 197120K, used 196859K [0x0000000080000000, 0x000000008c080000, 0x00000000d5580000)
  object space 197120K, 99% used [0x0000000080000000,0x000000008c03ec70,0x000000008c080000)
 Metaspace       used 73312K, committed 74880K, reserved 1179648K
  class space    used 7786K, committed 8448K, reserved 1048576K
}
Event: 124.751 GC heap before
{Heap before GC invocations=171 (full 3):
 PSYoungGen      total 6656K, used 6364K [0x00000000d5580000, 0x00000000d5e80000, 0x0000000100000000)
  eden space 6144K, 99% used [0x00000000d5580000,0x00000000d5b7b4d8,0x00000000d5b80000)
  from space 512K, 46% used [0x00000000d5d80000,0x00000000d5dbbe30,0x00000000d5e00000)
  to   space 512K, 0% used [0x00000000d5e00000,0x00000000d5e00000,0x00000000d5e80000)
 ParOldGen       total 197120K, used 196859K [0x0000000080000000, 0x000000008c080000, 0x00000000d5580000)
  object space 197120K, 99% used [0x0000000080000000,0x000000008c03ec70,0x000000008c080000)
 Metaspace       used 73884K, committed 75520K, reserved 1179648K
  class space    used 7845K, committed 8512K, reserved 1048576K
}
Event: 124.754 GC heap after
{Heap after GC invocations=171 (full 3):
 PSYoungGen      total 6656K, used 433K [0x00000000d5580000, 0x00000000d5e80000, 0x0000000100000000)
  eden space 6144K, 0% used [0x00000000d5580000,0x00000000d5580000,0x00000000d5b80000)
  from space 512K, 84% used [0x00000000d5e00000,0x00000000d5e6c5c8,0x00000000d5e80000)
  to   space 512K, 0% used [0x00000000d5d80000,0x00000000d5d80000,0x00000000d5e00000)
 ParOldGen       total 197632K, used 197452K [0x0000000080000000, 0x000000008c100000, 0x00000000d5580000)
  object space 197632K, 99% used [0x0000000080000000,0x000000008c0d30f0,0x000000008c100000)
 Metaspace       used 73884K, committed 75520K, reserved 1179648K
  class space    used 7845K, committed 8512K, reserved 1048576K
}
Event: 124.932 GC heap before
{Heap before GC invocations=172 (full 3):
 PSYoungGen      total 6656K, used 6577K [0x00000000d5580000, 0x00000000d5e80000, 0x0000000100000000)
  eden space 6144K, 100% used [0x00000000d5580000,0x00000000d5b80000,0x00000000d5b80000)
  from space 512K, 84% used [0x00000000d5e00000,0x00000000d5e6c5c8,0x00000000d5e80000)
  to   space 512K, 0% used [0x00000000d5d80000,0x00000000d5d80000,0x00000000d5e00000)
 ParOldGen       total 197632K, used 197452K [0x0000000080000000, 0x000000008c100000, 0x00000000d5580000)
  object space 197632K, 99% used [0x0000000080000000,0x000000008c0d30f0,0x000000008c100000)
 Metaspace       used 74662K, committed 76288K, reserved 1179648K
  class space    used 7936K, committed 8640K, reserved 1048576K
}
Event: 124.935 GC heap after
{Heap after GC invocations=172 (full 3):
 PSYoungGen      total 6656K, used 256K [0x00000000d5580000, 0x00000000d5e80000, 0x0000000100000000)
  eden space 6144K, 0% used [0x00000000d5580000,0x00000000d5580000,0x00000000d5b80000)
  from space 512K, 50% used [0x00000000d5d80000,0x00000000d5dc0000,0x00000000d5e00000)
  to   space 512K, 0% used [0x00000000d5e00000,0x00000000d5e00000,0x00000000d5e80000)
 ParOldGen       total 198144K, used 197741K [0x0000000080000000, 0x000000008c180000, 0x00000000d5580000)
  object space 198144K, 99% used [0x0000000080000000,0x000000008c11b6b8,0x000000008c180000)
 Metaspace       used 74662K, committed 76288K, reserved 1179648K
  class space    used 7936K, committed 8640K, reserved 1048576K
}
Event: 125.124 GC heap before
{Heap before GC invocations=173 (full 3):
 PSYoungGen      total 6656K, used 6400K [0x00000000d5580000, 0x00000000d5e80000, 0x0000000100000000)
  eden space 6144K, 100% used [0x00000000d5580000,0x00000000d5b80000,0x00000000d5b80000)
  from space 512K, 50% used [0x00000000d5d80000,0x00000000d5dc0000,0x00000000d5e00000)
  to   space 512K, 0% used [0x00000000d5e00000,0x00000000d5e00000,0x00000000d5e80000)
 ParOldGen       total 198144K, used 197741K [0x0000000080000000, 0x000000008c180000, 0x00000000d5580000)
  object space 198144K, 99% used [0x0000000080000000,0x000000008c11b6b8,0x000000008c180000)
 Metaspace       used 75249K, committed 76928K, reserved 1179648K
  class space    used 8051K, committed 8768K, reserved 1048576K
}
Event: 125.127 GC heap after
{Heap after GC invocations=173 (full 3):
 PSYoungGen      total 6656K, used 256K [0x00000000d5580000, 0x00000000d5e80000, 0x0000000100000000)
  eden space 6144K, 0% used [0x00000000d5580000,0x00000000d5580000,0x00000000d5b80000)
  from space 512K, 50% used [0x00000000d5e00000,0x00000000d5e40000,0x00000000d5e80000)
  to   space 512K, 0% used [0x00000000d5d80000,0x00000000d5d80000,0x00000000d5e00000)
 ParOldGen       total 198144K, used 197813K [0x0000000080000000, 0x000000008c180000, 0x00000000d5580000)
  object space 198144K, 99% used [0x0000000080000000,0x000000008c12d6b8,0x000000008c180000)
 Metaspace       used 75249K, committed 76928K, reserved 1179648K
  class space    used 8051K, committed 8768K, reserved 1048576K
}
Event: 125.350 GC heap before
{Heap before GC invocations=174 (full 3):
 PSYoungGen      total 6656K, used 6400K [0x00000000d5580000, 0x00000000d5e80000, 0x0000000100000000)
  eden space 6144K, 100% used [0x00000000d5580000,0x00000000d5b80000,0x00000000d5b80000)
  from space 512K, 50% used [0x00000000d5e00000,0x00000000d5e40000,0x00000000d5e80000)
  to   space 512K, 0% used [0x00000000d5d80000,0x00000000d5d80000,0x00000000d5e00000)
 ParOldGen       total 198144K, used 197813K [0x0000000080000000, 0x000000008c180000, 0x00000000d5580000)
  object space 198144K, 99% used [0x0000000080000000,0x000000008c12d6b8,0x000000008c180000)
 Metaspace       used 75953K, committed 77568K, reserved 1179648K
  class space    used 8154K, committed 8832K, reserved 1048576K
}
Event: 125.354 GC heap after
{Heap after GC invocations=174 (full 3):
 PSYoungGen      total 6656K, used 288K [0x00000000d5580000, 0x00000000d5e80000, 0x0000000100000000)
  eden space 6144K, 0% used [0x00000000d5580000,0x00000000d5580000,0x00000000d5b80000)
  from space 512K, 56% used [0x00000000d5d80000,0x00000000d5dc8000,0x00000000d5e00000)
  to   space 512K, 0% used [0x00000000d5e00000,0x00000000d5e00000,0x00000000d5e80000)
 ParOldGen       total 198144K, used 197949K [0x0000000080000000, 0x000000008c180000, 0x00000000d5580000)
  object space 198144K, 99% used [0x0000000080000000,0x000000008c14f6e8,0x000000008c180000)
 Metaspace       used 75953K, committed 77568K, reserved 1179648K
  class space    used 8154K, committed 8832K, reserved 1048576K
}

